2022-12-14T17:26:14+00:00 CRITICAL Allowed memory size of 134217728 bytes exhausted (tried to allocate 131072 bytes) în /home/vol5_6/hyperphp.com/hp_33059250/htdocs/wp-content/plugins/themify-builder-pro/modules/module-archive-products.php pe linia 705

2022-12-14T17:26:32+00:00 CRITICAL Allowed memory size of 134217728 bytes exhausted (tried to allocate 151552 bytes) în /home/vol5_6/hyperphp.com/hp_33059250/htdocs/wp-admin/admin-ajax.php pe linia 39

2022-12-14T17:41:42+00:00 CRITICAL Allowed memory size of 134217728 bytes exhausted (tried to allocate 131072 bytes) în /home/vol5_6/hyperphp.com/hp_33059250/htdocs/wp-content/plugins/themify-builder-pro/modules/module-archive-products.php pe linia 705

2022-12-14T17:53:06+00:00 CRITICAL Allowed memory size of 134217728 bytes exhausted (tried to allocate 131072 bytes) în /home/vol5_6/hyperphp.com/hp_33059250/htdocs/wp-content/plugins/themify-builder-pro/modules/module-archive-products.php pe linia 705

2022-12-14T17:56:11+00:00 CRITICAL Allowed memory size of 134217728 bytes exhausted (tried to allocate 131072 bytes) în /home/vol5_6/hyperphp.com/hp_33059250/htdocs/wp-content/plugins/themify-builder-pro/modules/module-archive-products.php pe linia 705

2022-12-14T18:01:29+00:00 CRITICAL Allowed memory size of 134217728 bytes exhausted (tried to allocate 40960 bytes) în /home/vol5_6/hyperphp.com/hp_33059250/htdocs/wp-content/themes/themify-shoppe/themify/themify-icon-picker/includes/class-icon-fontawesome.php pe linia 2754

2022-12-14T18:10:27+00:00 CRITICAL Allowed memory size of 134217728 bytes exhausted (tried to allocate 151552 bytes) în /home/vol5_6/hyperphp.com/hp_33059250/htdocs/wp-admin/admin-ajax.php pe linia 39

2022-12-14T18:15:06+00:00 CRITICAL Allowed memory size of 134217728 bytes exhausted (tried to allocate 151552 bytes) în /home/vol5_6/hyperphp.com/hp_33059250/htdocs/wp-admin/admin-ajax.php pe linia 39

2022-12-14T18:18:00+00:00 CRITICAL Allowed memory size of 134217728 bytes exhausted (tried to allocate 151552 bytes) în /home/vol5_6/hyperphp.com/hp_33059250/htdocs/wp-admin/admin-ajax.php pe linia 39

2022-12-14T18:19:09+00:00 CRITICAL Allowed memory size of 134217728 bytes exhausted (tried to allocate 131072 bytes) în /home/vol5_6/hyperphp.com/hp_33059250/htdocs/wp-content/plugins/themify-builder-pro/modules/module-archive-products.php pe linia 705

2022-12-14T18:19:35+00:00 CRITICAL Allowed memory size of 134217728 bytes exhausted (tried to allocate 524288 bytes) în /home/vol5_6/hyperphp.com/hp_33059250/htdocs/wp-content/plugins/jetpack/jetpack_vendor/automattic/jetpack-compat/lib/locales.php pe linia 2253

2022-12-14T18:20:05+00:00 CRITICAL Allowed memory size of 134217728 bytes exhausted (tried to allocate 131072 bytes) în /home/vol5_6/hyperphp.com/hp_33059250/htdocs/wp-content/plugins/themify-builder-pro/modules/module-archive-products.php pe linia 705

2022-12-14T18:25:29+00:00 CRITICAL Allowed memory size of 134217728 bytes exhausted (tried to allocate 151552 bytes) în /home/vol5_6/hyperphp.com/hp_33059250/htdocs/wp-admin/admin-ajax.php pe linia 39

2022-12-14T18:32:05+00:00 CRITICAL Allowed memory size of 134217728 bytes exhausted (tried to allocate 524288 bytes) în /home/vol5_6/hyperphp.com/hp_33059250/htdocs/wp-content/plugins/jetpack/jetpack_vendor/automattic/jetpack-compat/lib/locales.php pe linia 2253

2022-12-14T18:50:02+00:00 CRITICAL Allowed memory size of 134217728 bytes exhausted (tried to allocate 131072 bytes) în /home/vol5_6/hyperphp.com/hp_33059250/htdocs/wp-content/themes/themify-shoppe/themify/themify-builder/modules/module-signup-form.php pe linia 834

2022-12-14T18:52:11+00:00 CRITICAL Allowed memory size of 134217728 bytes exhausted (tried to allocate 151552 bytes) în /home/vol5_6/hyperphp.com/hp_33059250/htdocs/wp-admin/admin-ajax.php pe linia 39

2022-12-14T18:53:11+00:00 CRITICAL Allowed memory size of 134217728 bytes exhausted (tried to allocate 151552 bytes) în /home/vol5_6/hyperphp.com/hp_33059250/htdocs/wp-admin/admin-ajax.php pe linia 39

2022-12-14T18:55:56+00:00 CRITICAL Allowed memory size of 134217728 bytes exhausted (tried to allocate 151552 bytes) în /home/vol5_6/hyperphp.com/hp_33059250/htdocs/wp-admin/admin-ajax.php pe linia 39

2022-12-14T18:56:47+00:00 CRITICAL Allowed memory size of 134217728 bytes exhausted (tried to allocate 524288 bytes) în /home/vol5_6/hyperphp.com/hp_33059250/htdocs/wp-content/plugins/jetpack/jetpack_vendor/automattic/jetpack-compat/lib/locales.php pe linia 2253

2022-12-14T19:01:09+00:00 CRITICAL Allowed memory size of 134217728 bytes exhausted (tried to allocate 151552 bytes) în /home/vol5_6/hyperphp.com/hp_33059250/htdocs/wp-admin/admin-ajax.php pe linia 39

2022-12-14T19:02:00+00:00 CRITICAL Allowed memory size of 134217728 bytes exhausted (tried to allocate 151552 bytes) în /home/vol5_6/hyperphp.com/hp_33059250/htdocs/wp-admin/admin-ajax.php pe linia 39

2022-12-14T19:07:29+00:00 CRITICAL Allowed memory size of 134217728 bytes exhausted (tried to allocate 151552 bytes) în /home/vol5_6/hyperphp.com/hp_33059250/htdocs/wp-admin/admin-ajax.php pe linia 39

2022-12-14T19:12:12+00:00 CRITICAL Allowed memory size of 134217728 bytes exhausted (tried to allocate 151552 bytes) în /home/vol5_6/hyperphp.com/hp_33059250/htdocs/wp-admin/admin-ajax.php pe linia 39

2022-12-14T19:14:15+00:00 CRITICAL Allowed memory size of 134217728 bytes exhausted (tried to allocate 151552 bytes) în /home/vol5_6/hyperphp.com/hp_33059250/htdocs/wp-admin/admin-ajax.php pe linia 39

2022-12-14T19:16:57+00:00 CRITICAL Allowed memory size of 134217728 bytes exhausted (tried to allocate 151552 bytes) în /home/vol5_6/hyperphp.com/hp_33059250/htdocs/wp-admin/admin-ajax.php pe linia 39

2022-12-14T19:18:10+00:00 CRITICAL Allowed memory size of 134217728 bytes exhausted (tried to allocate 524288 bytes) în /home/vol5_6/hyperphp.com/hp_33059250/htdocs/wp-content/plugins/jetpack/jetpack_vendor/automattic/jetpack-compat/lib/locales.php pe linia 2253

2022-12-14T19:22:18+00:00 CRITICAL Allowed memory size of 134217728 bytes exhausted (tried to allocate 151552 bytes) în /home/vol5_6/hyperphp.com/hp_33059250/htdocs/wp-admin/admin-ajax.php pe linia 39

